Analysis & Synthesis report for HC1
Tue Jun 05 16:05:32 2018
Quartus II 32-bit Version 13.0.0 Build 156 04/24/2013 SJ Web Edition


---------------------
; Table of Contents ;
---------------------
  1. Legal Notice
  2. Analysis & Synthesis Summary
  3. Analysis & Synthesis Settings
  4. Parallel Compilation
  5. Analysis & Synthesis Source Files Read
  6. Analysis & Synthesis Resource Usage Summary
  7. Analysis & Synthesis Resource Utilization by Entity
  8. Analysis & Synthesis DSP Block Usage Summary
  9. State Machine - |HC1|cpu:CPUNIT|control_unit:CTRL|state
 10. Registers Removed During Synthesis
 11. Removed Registers Triggering Further Register Optimizations
 12. General Register Statistics
 13. Inverted Register Statistics
 14. Multiplexer Restructuring Statistics (Restructuring Performed)
 15. Parameter Settings for User Entity Instance: clock_divider:CLOCK
 16. Parameter Settings for Inferred Entity Instance: cpu:CPUNIT|arithmetic_logic_unit:ALU|lpm_mult:Mult0
 17. Parameter Settings for Inferred Entity Instance: cpu:CPUNIT|arithmetic_logic_unit:ALU|lpm_divide:Mod0
 18. Parameter Settings for Inferred Entity Instance: cpu:CPUNIT|arithmetic_logic_unit:ALU|lpm_divide:Div0
 19. lpm_mult Parameter Settings by Entity Instance
 20. Elapsed Time Per Partition
 21. Analysis & Synthesis Messages



----------------
; Legal Notice ;
----------------
Copyright (C) 1991-2013 Altera Corporation
Your use of Altera Corporation's design tools, logic functions 
and other software and tools, and its AMPP partner logic 
functions, and any output files from any of the foregoing 
(including device programming or simulation files), and any 
associated documentation or information are expressly subject 
to the terms and conditions of the Altera Program License 
Subscription Agreement, Altera MegaCore Function License 
Agreement, or other applicable license agreement, including, 
without limitation, that your use is for the sole purpose of 
programming logic devices manufactured by Altera and sold by 
Altera or its authorized distributors.  Please refer to the 
applicable agreement for further details.



+---------------------------------------------------------------------------------+
; Analysis & Synthesis Summary                                                    ;
+------------------------------------+--------------------------------------------+
; Analysis & Synthesis Status        ; Successful - Tue Jun 05 16:05:32 2018      ;
; Quartus II 32-bit Version          ; 13.0.0 Build 156 04/24/2013 SJ Web Edition ;
; Revision Name                      ; HC1                                        ;
; Top-level Entity Name              ; HC1                                        ;
; Family                             ; Cyclone II                                 ;
; Total logic elements               ; 4,171                                      ;
;     Total combinational functions  ; 2,594                                      ;
;     Dedicated logic registers      ; 1,846                                      ;
; Total registers                    ; 1846                                       ;
; Total pins                         ; 105                                        ;
; Total virtual pins                 ; 0                                          ;
; Total memory bits                  ; 0                                          ;
; Embedded Multiplier 9-bit elements ; 1                                          ;
; Total PLLs                         ; 0                                          ;
+------------------------------------+--------------------------------------------+


+----------------------------------------------------------------------------------------------------------------------+
; Analysis & Synthesis Settings                                                                                        ;
+----------------------------------------------------------------------------+--------------------+--------------------+
; Option                                                                     ; Setting            ; Default Value      ;
+----------------------------------------------------------------------------+--------------------+--------------------+
; Device                                                                     ; EP2C35F672C6       ;                    ;
; Top-level entity name                                                      ; HC1                ; HC1                ;
; Family name                                                                ; Cyclone II         ; Cyclone IV GX      ;
; Use smart compilation                                                      ; Off                ; Off                ;
; Enable parallel Assembler and TimeQuest Timing Analyzer during compilation ; On                 ; On                 ;
; Enable compact report table                                                ; Off                ; Off                ;
; Restructure Multiplexers                                                   ; Auto               ; Auto               ;
; Create Debugging Nodes for IP Cores                                        ; Off                ; Off                ;
; Preserve fewer node names                                                  ; On                 ; On                 ;
; Disable OpenCore Plus hardware evaluation                                  ; Off                ; Off                ;
; Verilog Version                                                            ; Verilog_2001       ; Verilog_2001       ;
; VHDL Version                                                               ; VHDL_1993          ; VHDL_1993          ;
; State Machine Processing                                                   ; Auto               ; Auto               ;
; Safe State Machine                                                         ; Off                ; Off                ;
; Extract Verilog State Machines                                             ; On                 ; On                 ;
; Extract VHDL State Machines                                                ; On                 ; On                 ;
; Ignore Verilog initial constructs                                          ; Off                ; Off                ;
; Iteration limit for constant Verilog loops                                 ; 5000               ; 5000               ;
; Iteration limit for non-constant Verilog loops                             ; 250                ; 250                ;
; Add Pass-Through Logic to Inferred RAMs                                    ; On                 ; On                 ;
; Infer RAMs from Raw Logic                                                  ; On                 ; On                 ;
; Parallel Synthesis                                                         ; On                 ; On                 ;
; DSP Block Balancing                                                        ; Auto               ; Auto               ;
; NOT Gate Push-Back                                                         ; On                 ; On                 ;
; Power-Up Don't Care                                                        ; On                 ; On                 ;
; Remove Redundant Logic Cells                                               ; Off                ; Off                ;
; Remove Duplicate Registers                                                 ; On                 ; On                 ;
; Ignore CARRY Buffers                                                       ; Off                ; Off                ;
; Ignore CASCADE Buffers                                                     ; Off                ; Off                ;
; Ignore GLOBAL Buffers                                                      ; Off                ; Off                ;
; Ignore ROW GLOBAL Buffers                                                  ; Off                ; Off                ;
; Ignore LCELL Buffers                                                       ; Off                ; Off                ;
; Ignore SOFT Buffers                                                        ; On                 ; On                 ;
; Limit AHDL Integers to 32 Bits                                             ; Off                ; Off                ;
; Optimization Technique                                                     ; Balanced           ; Balanced           ;
; Carry Chain Length                                                         ; 70                 ; 70                 ;
; Auto Carry Chains                                                          ; On                 ; On                 ;
; Auto Open-Drain Pins                                                       ; On                 ; On                 ;
; Perform WYSIWYG Primitive Resynthesis                                      ; Off                ; Off                ;
; Auto ROM Replacement                                                       ; On                 ; On                 ;
; Auto RAM Replacement                                                       ; On                 ; On                 ;
; Auto Shift Register Replacement                                            ; Auto               ; Auto               ;
; Allow Shift Register Merging across Hierarchies                            ; Auto               ; Auto               ;
; Auto Clock Enable Replacement                                              ; On                 ; On                 ;
; Strict RAM Replacement                                                     ; Off                ; Off                ;
; Allow Synchronous Control Signals                                          ; On                 ; On                 ;
; Force Use of Synchronous Clear Signals                                     ; Off                ; Off                ;
; Auto RAM to Logic Cell Conversion                                          ; Off                ; Off                ;
; Auto Resource Sharing                                                      ; Off                ; Off                ;
; Allow Any RAM Size For Recognition                                         ; Off                ; Off                ;
; Allow Any ROM Size For Recognition                                         ; Off                ; Off                ;
; Allow Any Shift Register Size For Recognition                              ; Off                ; Off                ;
; Use LogicLock Constraints during Resource Balancing                        ; On                 ; On                 ;
; Ignore translate_off and synthesis_off directives                          ; Off                ; Off                ;
; Timing-Driven Synthesis                                                    ; Off                ; Off                ;
; Report Parameter Settings                                                  ; On                 ; On                 ;
; Report Source Assignments                                                  ; On                 ; On                 ;
; Report Connectivity Checks                                                 ; On                 ; On                 ;
; Ignore Maximum Fan-Out Assignments                                         ; Off                ; Off                ;
; Synchronization Register Chain Length                                      ; 2                  ; 2                  ;
; PowerPlay Power Optimization                                               ; Normal compilation ; Normal compilation ;
; HDL message level                                                          ; Level2             ; Level2             ;
; Suppress Register Optimization Related Messages                            ; Off                ; Off                ;
; Number of Removed Registers Reported in Synthesis Report                   ; 5000               ; 5000               ;
; Number of Swept Nodes Reported in Synthesis Report                         ; 5000               ; 5000               ;
; Number of Inverted Registers Reported in Synthesis Report                  ; 100                ; 100                ;
; Clock MUX Protection                                                       ; On                 ; On                 ;
; Auto Gated Clock Conversion                                                ; Off                ; Off                ;
; Block Design Naming                                                        ; Auto               ; Auto               ;
; SDC constraint protection                                                  ; Off                ; Off                ;
; Synthesis Effort                                                           ; Auto               ; Auto               ;
; Shift Register Replacement - Allow Asynchronous Clear Signal               ; On                 ; On                 ;
; Pre-Mapping Resynthesis Optimization                                       ; Off                ; Off                ;
; Analysis & Synthesis Message Level                                         ; Medium             ; Medium             ;
; Disable Register Merging Across Hierarchies                                ; Auto               ; Auto               ;
; Resource Aware Inference For Block RAM                                     ; On                 ; On                 ;
; Synthesis Seed                                                             ; 1                  ; 1                  ;
+----------------------------------------------------------------------------+--------------------+--------------------+


Parallel compilation was disabled, but you have multiple processors available. Enable parallel compilation to reduce compilation time.
+-------------------------------------+
; Parallel Compilation                ;
+----------------------------+--------+
; Processors                 ; Number ;
+----------------------------+--------+
; Number detected on machine ; 4      ;
; Maximum allowed            ; 1      ;
+----------------------------+--------+


+-------------------------------------------------------------------------------------------------------------------------------------------------------------------------------------------------------+
; Analysis & Synthesis Source Files Read                                                                                                                                                                ;
+----------------------------------+-----------------+------------------------------+---------------------------------------------------------------------------------------------------------+---------+
; File Name with User-Entered Path ; Used in Netlist ; File Type                    ; File Name with Absolute Path                                                                            ; Library ;
+----------------------------------+-----------------+------------------------------+---------------------------------------------------------------------------------------------------------+---------+
; src/immgen.vhd                   ; yes             ; User VHDL File               ; C:/Users/marce/Desktop/THM/Semester4/Projektmanagement/Projekt/HC1 16-Bit/src/immgen.vhd                ;         ;
; src/seven_segment.vhd            ; yes             ; User VHDL File               ; C:/Users/marce/Desktop/THM/Semester4/Projektmanagement/Projekt/HC1 16-Bit/src/seven_segment.vhd         ;         ;
; src/memory_unit.vhd              ; yes             ; User VHDL File               ; C:/Users/marce/Desktop/THM/Semester4/Projektmanagement/Projekt/HC1 16-Bit/src/memory_unit.vhd           ;         ;
; src/instruction_register.vhd     ; yes             ; User VHDL File               ; C:/Users/marce/Desktop/THM/Semester4/Projektmanagement/Projekt/HC1 16-Bit/src/instruction_register.vhd  ;         ;
; src/cpu.vhd                      ; yes             ; User VHDL File               ; C:/Users/marce/Desktop/THM/Semester4/Projektmanagement/Projekt/HC1 16-Bit/src/cpu.vhd                   ;         ;
; src/control_unit.vhd             ; yes             ; User VHDL File               ; C:/Users/marce/Desktop/THM/Semester4/Projektmanagement/Projekt/HC1 16-Bit/src/control_unit.vhd          ;         ;
; src/arithmetic_logic_unit.vhd    ; yes             ; User VHDL File               ; C:/Users/marce/Desktop/THM/Semester4/Projektmanagement/Projekt/HC1 16-Bit/src/arithmetic_logic_unit.vhd ;         ;
; src/accumulator.vhd              ; yes             ; User VHDL File               ; C:/Users/marce/Desktop/THM/Semester4/Projektmanagement/Projekt/HC1 16-Bit/src/accumulator.vhd           ;         ;
; src/program_counter.vhd          ; yes             ; User VHDL File               ; C:/Users/marce/Desktop/THM/Semester4/Projektmanagement/Projekt/HC1 16-Bit/src/program_counter.vhd       ;         ;
; src/HC1.vhd                      ; yes             ; User VHDL File               ; C:/Users/marce/Desktop/THM/Semester4/Projektmanagement/Projekt/HC1 16-Bit/src/HC1.vhd                   ;         ;
; src/clock_divider.vhd            ; yes             ; User VHDL File               ; C:/Users/marce/Desktop/THM/Semester4/Projektmanagement/Projekt/HC1 16-Bit/src/clock_divider.vhd         ;         ;
; lpm_mult.tdf                     ; yes             ; Megafunction                 ; c:/altera/13.0/quartus/libraries/megafunctions/lpm_mult.tdf                                             ;         ;
; aglobal130.inc                   ; yes             ; Megafunction                 ; c:/altera/13.0/quartus/libraries/megafunctions/aglobal130.inc                                           ;         ;
; lpm_add_sub.inc                  ; yes             ; Megafunction                 ; c:/altera/13.0/quartus/libraries/megafunctions/lpm_add_sub.inc                                          ;         ;
; multcore.inc                     ; yes             ; Megafunction                 ; c:/altera/13.0/quartus/libraries/megafunctions/multcore.inc                                             ;         ;
; bypassff.inc                     ; yes             ; Megafunction                 ; c:/altera/13.0/quartus/libraries/megafunctions/bypassff.inc                                             ;         ;
; altshift.inc                     ; yes             ; Megafunction                 ; c:/altera/13.0/quartus/libraries/megafunctions/altshift.inc                                             ;         ;
; db/mult_lus.tdf                  ; yes             ; Auto-Generated Megafunction  ; C:/Users/marce/Desktop/THM/Semester4/Projektmanagement/Projekt/HC1 16-Bit/db/mult_lus.tdf               ;         ;
; lpm_divide.tdf                   ; yes             ; Megafunction                 ; c:/altera/13.0/quartus/libraries/megafunctions/lpm_divide.tdf                                           ;         ;
; abs_divider.inc                  ; yes             ; Megafunction                 ; c:/altera/13.0/quartus/libraries/megafunctions/abs_divider.inc                                          ;         ;
; sign_div_unsign.inc              ; yes             ; Megafunction                 ; c:/altera/13.0/quartus/libraries/megafunctions/sign_div_unsign.inc                                      ;         ;
; db/lpm_divide_ulo.tdf            ; yes             ; Auto-Generated Megafunction  ; C:/Users/marce/Desktop/THM/Semester4/Projektmanagement/Projekt/HC1 16-Bit/db/lpm_divide_ulo.tdf         ;         ;
; db/abs_divider_8dg.tdf           ; yes             ; Auto-Generated Megafunction  ; C:/Users/marce/Desktop/THM/Semester4/Projektmanagement/Projekt/HC1 16-Bit/db/abs_divider_8dg.tdf        ;         ;
; db/alt_u_div_s5f.tdf             ; yes             ; Auto-Generated Megafunction  ; C:/Users/marce/Desktop/THM/Semester4/Projektmanagement/Projekt/HC1 16-Bit/db/alt_u_div_s5f.tdf          ;         ;
; db/add_sub_lkc.tdf               ; yes             ; Auto-Generated Megafunction  ; C:/Users/marce/Desktop/THM/Semester4/Projektmanagement/Projekt/HC1 16-Bit/db/add_sub_lkc.tdf            ;         ;
; db/add_sub_mkc.tdf               ; yes             ; Auto-Generated Megafunction  ; C:/Users/marce/Desktop/THM/Semester4/Projektmanagement/Projekt/HC1 16-Bit/db/add_sub_mkc.tdf            ;         ;
; db/lpm_abs_2s9.tdf               ; yes             ; Auto-Generated Megafunction  ; C:/Users/marce/Desktop/THM/Semester4/Projektmanagement/Projekt/HC1 16-Bit/db/lpm_abs_2s9.tdf            ;         ;
; db/lpm_divide_rto.tdf            ; yes             ; Auto-Generated Megafunction  ; C:/Users/marce/Desktop/THM/Semester4/Projektmanagement/Projekt/HC1 16-Bit/db/lpm_divide_rto.tdf         ;         ;
+----------------------------------+-----------------+------------------------------+---------------------------------------------------------------------------------------------------------+---------+


+---------------------------------------------------------------------+
; Analysis & Synthesis Resource Usage Summary                         ;
+---------------------------------------------+-----------------------+
; Resource                                    ; Usage                 ;
+---------------------------------------------+-----------------------+
; Estimated Total logic elements              ; 4,171                 ;
;                                             ;                       ;
; Total combinational functions               ; 2594                  ;
; Logic element usage by number of LUT inputs ;                       ;
;     -- 4 input functions                    ; 1743                  ;
;     -- 3 input functions                    ; 490                   ;
;     -- <=2 input functions                  ; 361                   ;
;                                             ;                       ;
; Logic elements by mode                      ;                       ;
;     -- normal mode                          ; 2187                  ;
;     -- arithmetic mode                      ; 407                   ;
;                                             ;                       ;
; Total registers                             ; 1846                  ;
;     -- Dedicated logic registers            ; 1846                  ;
;     -- I/O registers                        ; 0                     ;
;                                             ;                       ;
; I/O pins                                    ; 105                   ;
; Embedded Multiplier 9-bit elements          ; 1                     ;
; Maximum fan-out node                        ; clock_divider:CLOCK|q ;
; Maximum fan-out                             ; 1828                  ;
; Total fan-out                               ; 15237                 ;
; Average fan-out                             ; 3.35                  ;
+---------------------------------------------+-----------------------+


+---------------------------------------------------------------------------------------------------------------------------------------------------------------------------------------------------------------------------------------------------------------------------------------------------------------------------------------+
; Analysis & Synthesis Resource Utilization by Entity                                                                                                                                                                                                                                                                                   ;
+----------------------------------------------+-------------------+--------------+-------------+--------------+---------+-----------+------+--------------+-------------------------------------------------------------------------------------------------------------------------------------------------------------+--------------+
; Compilation Hierarchy Node                   ; LC Combinationals ; LC Registers ; Memory Bits ; DSP Elements ; DSP 9x9 ; DSP 18x18 ; Pins ; Virtual Pins ; Full Hierarchy Name                                                                                                                                         ; Library Name ;
+----------------------------------------------+-------------------+--------------+-------------+--------------+---------+-----------+------+--------------+-------------------------------------------------------------------------------------------------------------------------------------------------------------+--------------+
; |HC1                                         ; 2594 (0)          ; 1846 (0)     ; 0           ; 1            ; 1       ; 0         ; 105  ; 0            ; |HC1                                                                                                                                                        ;              ;
;    |clock_divider:CLOCK|                     ; 41 (41)           ; 20 (20)      ; 0           ; 0            ; 0       ; 0         ; 0    ; 0            ; |HC1|clock_divider:CLOCK                                                                                                                                    ;              ;
;    |cpu:CPUNIT|                              ; 2469 (0)          ; 1826 (0)     ; 0           ; 1            ; 1       ; 0         ; 0    ; 0            ; |HC1|cpu:CPUNIT                                                                                                                                             ;              ;
;       |accumulator:ACC|                      ; 95 (95)           ; 34 (34)      ; 0           ; 0            ; 0       ; 0         ; 0    ; 0            ; |HC1|cpu:CPUNIT|accumulator:ACC                                                                                                                             ;              ;
;       |arithmetic_logic_unit:ALU|            ; 811 (122)         ; 0 (0)        ; 0           ; 1            ; 1       ; 0         ; 0    ; 0            ; |HC1|cpu:CPUNIT|arithmetic_logic_unit:ALU                                                                                                                   ;              ;
;          |lpm_divide:Div0|                   ; 293 (0)           ; 0 (0)        ; 0           ; 0            ; 0       ; 0         ; 0    ; 0            ; |HC1|cpu:CPUNIT|arithmetic_logic_unit:ALU|lpm_divide:Div0                                                                                                   ;              ;
;             |lpm_divide_rto:auto_generated|  ; 293 (0)           ; 0 (0)        ; 0           ; 0            ; 0       ; 0         ; 0    ; 0            ; |HC1|cpu:CPUNIT|arithmetic_logic_unit:ALU|lpm_divide:Div0|lpm_divide_rto:auto_generated                                                                     ;              ;
;                |abs_divider_8dg:divider|     ; 293 (29)          ; 0 (0)        ; 0           ; 0            ; 0       ; 0         ; 0    ; 0            ; |HC1|cpu:CPUNIT|arithmetic_logic_unit:ALU|lpm_divide:Div0|lpm_divide_rto:auto_generated|abs_divider_8dg:divider                                             ;              ;
;                   |alt_u_div_s5f:divider|    ; 264 (264)         ; 0 (0)        ; 0           ; 0            ; 0       ; 0         ; 0    ; 0            ; |HC1|cpu:CPUNIT|arithmetic_logic_unit:ALU|lpm_divide:Div0|lpm_divide_rto:auto_generated|abs_divider_8dg:divider|alt_u_div_s5f:divider                       ;              ;
;          |lpm_divide:Mod0|                   ; 396 (0)           ; 0 (0)        ; 0           ; 0            ; 0       ; 0         ; 0    ; 0            ; |HC1|cpu:CPUNIT|arithmetic_logic_unit:ALU|lpm_divide:Mod0                                                                                                   ;              ;
;             |lpm_divide_ulo:auto_generated|  ; 396 (0)           ; 0 (0)        ; 0           ; 0            ; 0       ; 0         ; 0    ; 0            ; |HC1|cpu:CPUNIT|arithmetic_logic_unit:ALU|lpm_divide:Mod0|lpm_divide_ulo:auto_generated                                                                     ;              ;
;                |abs_divider_8dg:divider|     ; 396 (32)          ; 0 (0)        ; 0           ; 0            ; 0       ; 0         ; 0    ; 0            ; |HC1|cpu:CPUNIT|arithmetic_logic_unit:ALU|lpm_divide:Mod0|lpm_divide_ulo:auto_generated|abs_divider_8dg:divider                                             ;              ;
;                   |alt_u_div_s5f:divider|    ; 316 (313)         ; 0 (0)        ; 0           ; 0            ; 0       ; 0         ; 0    ; 0            ; |HC1|cpu:CPUNIT|arithmetic_logic_unit:ALU|lpm_divide:Mod0|lpm_divide_ulo:auto_generated|abs_divider_8dg:divider|alt_u_div_s5f:divider                       ;              ;
;                      |add_sub_lkc:add_sub_0| ; 1 (1)             ; 0 (0)        ; 0           ; 0            ; 0       ; 0         ; 0    ; 0            ; |HC1|cpu:CPUNIT|arithmetic_logic_unit:ALU|lpm_divide:Mod0|lpm_divide_ulo:auto_generated|abs_divider_8dg:divider|alt_u_div_s5f:divider|add_sub_lkc:add_sub_0 ;              ;
;                      |add_sub_mkc:add_sub_1| ; 2 (2)             ; 0 (0)        ; 0           ; 0            ; 0       ; 0         ; 0    ; 0            ; |HC1|cpu:CPUNIT|arithmetic_logic_unit:ALU|lpm_divide:Mod0|lpm_divide_ulo:auto_generated|abs_divider_8dg:divider|alt_u_div_s5f:divider|add_sub_mkc:add_sub_1 ;              ;
;                   |lpm_abs_2s9:my_abs_den|   ; 27 (27)           ; 0 (0)        ; 0           ; 0            ; 0       ; 0         ; 0    ; 0            ; |HC1|cpu:CPUNIT|arithmetic_logic_unit:ALU|lpm_divide:Mod0|lpm_divide_ulo:auto_generated|abs_divider_8dg:divider|lpm_abs_2s9:my_abs_den                      ;              ;
;                   |lpm_abs_2s9:my_abs_num|   ; 21 (21)           ; 0 (0)        ; 0           ; 0            ; 0       ; 0         ; 0    ; 0            ; |HC1|cpu:CPUNIT|arithmetic_logic_unit:ALU|lpm_divide:Mod0|lpm_divide_ulo:auto_generated|abs_divider_8dg:divider|lpm_abs_2s9:my_abs_num                      ;              ;
;          |lpm_mult:Mult0|                    ; 0 (0)             ; 0 (0)        ; 0           ; 1            ; 1       ; 0         ; 0    ; 0            ; |HC1|cpu:CPUNIT|arithmetic_logic_unit:ALU|lpm_mult:Mult0                                                                                                    ;              ;
;             |mult_lus:auto_generated|        ; 0 (0)             ; 0 (0)        ; 0           ; 1            ; 1       ; 0         ; 0    ; 0            ; |HC1|cpu:CPUNIT|arithmetic_logic_unit:ALU|lpm_mult:Mult0|mult_lus:auto_generated                                                                            ;              ;
;       |control_unit:CTRL|                    ; 50 (50)           ; 17 (17)      ; 0           ; 0            ; 0       ; 0         ; 0    ; 0            ; |HC1|cpu:CPUNIT|control_unit:CTRL                                                                                                                           ;              ;
;       |instruction_register:IR|              ; 11 (11)           ; 17 (17)      ; 0           ; 0            ; 0       ; 0         ; 0    ; 0            ; |HC1|cpu:CPUNIT|instruction_register:IR                                                                                                                     ;              ;
;       |memory_unit:MEM|                      ; 1481 (1481)       ; 1751 (1751)  ; 0           ; 0            ; 0       ; 0         ; 0    ; 0            ; |HC1|cpu:CPUNIT|memory_unit:MEM                                                                                                                             ;              ;
;       |program_counter:PC|                   ; 21 (21)           ; 7 (7)        ; 0           ; 0            ; 0       ; 0         ; 0    ; 0            ; |HC1|cpu:CPUNIT|program_counter:PC                                                                                                                          ;              ;
;    |seven_segment:InputDisp0|                ; 7 (7)             ; 0 (0)        ; 0           ; 0            ; 0       ; 0         ; 0    ; 0            ; |HC1|seven_segment:InputDisp0                                                                                                                               ;              ;
;    |seven_segment:InputDisp1|                ; 7 (7)             ; 0 (0)        ; 0           ; 0            ; 0       ; 0         ; 0    ; 0            ; |HC1|seven_segment:InputDisp1                                                                                                                               ;              ;
;    |seven_segment:InputDisp2|                ; 7 (7)             ; 0 (0)        ; 0           ; 0            ; 0       ; 0         ; 0    ; 0            ; |HC1|seven_segment:InputDisp2                                                                                                                               ;              ;
;    |seven_segment:InputDisp3|                ; 7 (7)             ; 0 (0)        ; 0           ; 0            ; 0       ; 0         ; 0    ; 0            ; |HC1|seven_segment:InputDisp3                                                                                                                               ;              ;
;    |seven_segment:OutputDisp0|               ; 14 (14)           ; 0 (0)        ; 0           ; 0            ; 0       ; 0         ; 0    ; 0            ; |HC1|seven_segment:OutputDisp0                                                                                                                              ;              ;
;    |seven_segment:OutputDisp1|               ; 14 (14)           ; 0 (0)        ; 0           ; 0            ; 0       ; 0         ; 0    ; 0            ; |HC1|seven_segment:OutputDisp1                                                                                                                              ;              ;
;    |seven_segment:OutputDisp2|               ; 14 (14)           ; 0 (0)        ; 0           ; 0            ; 0       ; 0         ; 0    ; 0            ; |HC1|seven_segment:OutputDisp2                                                                                                                              ;              ;
;    |seven_segment:OutputDisp3|               ; 14 (14)           ; 0 (0)        ; 0           ; 0            ; 0       ; 0         ; 0    ; 0            ; |HC1|seven_segment:OutputDisp3                                                                                                                              ;              ;
+----------------------------------------------+-------------------+--------------+-------------+--------------+---------+-----------+------+--------------+-------------------------------------------------------------------------------------------------------------------------------------------------------------+--------------+
Note: For table entries with two numbers listed, the numbers in parentheses indicate the number of resources of the given type used by the specific entity alone. The numbers listed outside of parentheses indicate the total resources of the given type used by the specific entity and all of its sub-entities in the hierarchy.


+-----------------------------------------------------+
; Analysis & Synthesis DSP Block Usage Summary        ;
+---------------------------------------+-------------+
; Statistic                             ; Number Used ;
+---------------------------------------+-------------+
; Simple Multipliers (9-bit)            ; 1           ;
; Simple Multipliers (18-bit)           ; 0           ;
; Embedded Multiplier Blocks            ; --          ;
; Embedded Multiplier 9-bit elements    ; 1           ;
; Signed Embedded Multipliers           ; 1           ;
; Unsigned Embedded Multipliers         ; 0           ;
; Mixed Sign Embedded Multipliers       ; 0           ;
; Variable Sign Embedded Multipliers    ; 0           ;
; Dedicated Input Shift Register Chains ; 0           ;
+---------------------------------------+-------------+
Note: number of Embedded Multiplier Blocks used is only available after a successful fit.


Encoding Type:  One-Hot
+------------------------------------------------------------------------------------------------------------------------------------------------------------------------------------------------------------------------------------------------------------------------------------------------------------------------------------------------------------------------+
; State Machine - |HC1|cpu:CPUNIT|control_unit:CTRL|state                                                                                                                                                                                                                                                                                                                ;
+--------------------+--------------+---------------+---------------+--------------+-------------------+-------------------+-------------------+--------------------+--------------------+-------------------+-------------------+--------------------+-------------------+-------------------+---------------+-----------------+--------------------+-------------------+
; Name               ; state.NOP_IR ; state.NOP_MEM ; state.NOP_OUT ; state.NOP_PC ; state.JUMP_PC_MEM ; state.ACC_inEnter ; state.ACC_ALU_MOD ; state.ACC_ALU_SUBI ; state.ACC_ALU_ADDI ; state.ACC_ALU_MUL ; state.ACC_ALU_DIV ; state.ACC_ALU_NAND ; state.ACC_ALU_SUB ; state.ACC_ALU_ADD ; state.ACC_MEM ; state.MEM_STORE ; state.CTRL_LOAD_IR ; state.RESET_STATE ;
+--------------------+--------------+---------------+---------------+--------------+-------------------+-------------------+-------------------+--------------------+--------------------+-------------------+-------------------+--------------------+-------------------+-------------------+---------------+-----------------+--------------------+-------------------+
; state.RESET_STATE  ; 0            ; 0             ; 0             ; 0            ; 0                 ; 0                 ; 0                 ; 0                  ; 0                  ; 0                 ; 0                 ; 0                  ; 0                 ; 0                 ; 0             ; 0               ; 0                  ; 0                 ;
; state.CTRL_LOAD_IR ; 0            ; 0             ; 0             ; 0            ; 0                 ; 0                 ; 0                 ; 0                  ; 0                  ; 0                 ; 0                 ; 0                  ; 0                 ; 0                 ; 0             ; 0               ; 1                  ; 1                 ;
; state.MEM_STORE    ; 0            ; 0             ; 0             ; 0            ; 0                 ; 0                 ; 0                 ; 0                  ; 0                  ; 0                 ; 0                 ; 0                  ; 0                 ; 0                 ; 0             ; 1               ; 0                  ; 1                 ;
; state.ACC_MEM      ; 0            ; 0             ; 0             ; 0            ; 0                 ; 0                 ; 0                 ; 0                  ; 0                  ; 0                 ; 0                 ; 0                  ; 0                 ; 0                 ; 1             ; 0               ; 0                  ; 1                 ;
; state.ACC_ALU_ADD  ; 0            ; 0             ; 0             ; 0            ; 0                 ; 0                 ; 0                 ; 0                  ; 0                  ; 0                 ; 0                 ; 0                  ; 0                 ; 1                 ; 0             ; 0               ; 0                  ; 1                 ;
; state.ACC_ALU_SUB  ; 0            ; 0             ; 0             ; 0            ; 0                 ; 0                 ; 0                 ; 0                  ; 0                  ; 0                 ; 0                 ; 0                  ; 1                 ; 0                 ; 0             ; 0               ; 0                  ; 1                 ;
; state.ACC_ALU_NAND ; 0            ; 0             ; 0             ; 0            ; 0                 ; 0                 ; 0                 ; 0                  ; 0                  ; 0                 ; 0                 ; 1                  ; 0                 ; 0                 ; 0             ; 0               ; 0                  ; 1                 ;
; state.ACC_ALU_DIV  ; 0            ; 0             ; 0             ; 0            ; 0                 ; 0                 ; 0                 ; 0                  ; 0                  ; 0                 ; 1                 ; 0                  ; 0                 ; 0                 ; 0             ; 0               ; 0                  ; 1                 ;
; state.ACC_ALU_MUL  ; 0            ; 0             ; 0             ; 0            ; 0                 ; 0                 ; 0                 ; 0                  ; 0                  ; 1                 ; 0                 ; 0                  ; 0                 ; 0                 ; 0             ; 0               ; 0                  ; 1                 ;
; state.ACC_ALU_ADDI ; 0            ; 0             ; 0             ; 0            ; 0                 ; 0                 ; 0                 ; 0                  ; 1                  ; 0                 ; 0                 ; 0                  ; 0                 ; 0                 ; 0             ; 0               ; 0                  ; 1                 ;
; state.ACC_ALU_SUBI ; 0            ; 0             ; 0             ; 0            ; 0                 ; 0                 ; 0                 ; 1                  ; 0                  ; 0                 ; 0                 ; 0                  ; 0                 ; 0                 ; 0             ; 0               ; 0                  ; 1                 ;
; state.ACC_ALU_MOD  ; 0            ; 0             ; 0             ; 0            ; 0                 ; 0                 ; 1                 ; 0                  ; 0                  ; 0                 ; 0                 ; 0                  ; 0                 ; 0                 ; 0             ; 0               ; 0                  ; 1                 ;
; state.ACC_inEnter  ; 0            ; 0             ; 0             ; 0            ; 0                 ; 1                 ; 0                 ; 0                  ; 0                  ; 0                 ; 0                 ; 0                  ; 0                 ; 0                 ; 0             ; 0               ; 0                  ; 1                 ;
; state.JUMP_PC_MEM  ; 0            ; 0             ; 0             ; 0            ; 1                 ; 0                 ; 0                 ; 0                  ; 0                  ; 0                 ; 0                 ; 0                  ; 0                 ; 0                 ; 0             ; 0               ; 0                  ; 1                 ;
; state.NOP_PC       ; 0            ; 0             ; 0             ; 1            ; 0                 ; 0                 ; 0                 ; 0                  ; 0                  ; 0                 ; 0                 ; 0                  ; 0                 ; 0                 ; 0             ; 0               ; 0                  ; 1                 ;
; state.NOP_OUT      ; 0            ; 0             ; 1             ; 0            ; 0                 ; 0                 ; 0                 ; 0                  ; 0                  ; 0                 ; 0                 ; 0                  ; 0                 ; 0                 ; 0             ; 0               ; 0                  ; 1                 ;
; state.NOP_MEM      ; 0            ; 1             ; 0             ; 0            ; 0                 ; 0                 ; 0                 ; 0                  ; 0                  ; 0                 ; 0                 ; 0                  ; 0                 ; 0                 ; 0             ; 0               ; 0                  ; 1                 ;
; state.NOP_IR       ; 1            ; 0             ; 0             ; 0            ; 0                 ; 0                 ; 0                 ; 0                  ; 0                  ; 0                 ; 0                 ; 0                  ; 0                 ; 0                 ; 0             ; 0               ; 0                  ; 1                 ;
+--------------------+--------------+---------------+---------------+--------------+-------------------+-------------------+-------------------+--------------------+--------------------+-------------------+-------------------+--------------------+-------------------+-------------------+---------------+-----------------+--------------------+-------------------+


+-----------------------------------------------------------------------+
; Registers Removed During Synthesis                                    ;
+--------------------------------------------------+--------------------+
; Register name                                    ; Reason for Removal ;
+--------------------------------------------------+--------------------+
; cpu:CPUNIT|control_unit:CTRL|state.ACC_ALU_ADD   ; Lost fanout        ;
; cpu:CPUNIT|program_counter:PC|holdAddress[7..15] ; Lost fanout        ;
; Total Number of Removed Registers = 10           ;                    ;
+--------------------------------------------------+--------------------+


+---------------------------------------------------------------------------------------------------------------------+
; Removed Registers Triggering Further Register Optimizations                                                         ;
+-----------------------------------------------+--------------------+------------------------------------------------+
; Register name                                 ; Reason for Removal ; Registers Removed due to This Register         ;
+-----------------------------------------------+--------------------+------------------------------------------------+
; cpu:CPUNIT|program_counter:PC|holdAddress[15] ; Lost Fanouts       ; cpu:CPUNIT|program_counter:PC|holdAddress[14], ;
;                                               ;                    ; cpu:CPUNIT|program_counter:PC|holdAddress[13], ;
;                                               ;                    ; cpu:CPUNIT|program_counter:PC|holdAddress[12], ;
;                                               ;                    ; cpu:CPUNIT|program_counter:PC|holdAddress[11], ;
;                                               ;                    ; cpu:CPUNIT|program_counter:PC|holdAddress[10], ;
;                                               ;                    ; cpu:CPUNIT|program_counter:PC|holdAddress[9],  ;
;                                               ;                    ; cpu:CPUNIT|program_counter:PC|holdAddress[8],  ;
;                                               ;                    ; cpu:CPUNIT|program_counter:PC|holdAddress[7]   ;
+-----------------------------------------------+--------------------+------------------------------------------------+


+------------------------------------------------------+
; General Register Statistics                          ;
+----------------------------------------------+-------+
; Statistic                                    ; Value ;
+----------------------------------------------+-------+
; Total registers                              ; 1846  ;
; Number of registers using Synchronous Clear  ; 5     ;
; Number of registers using Synchronous Load   ; 16    ;
; Number of registers using Asynchronous Clear ; 725   ;
; Number of registers using Asynchronous Load  ; 0     ;
; Number of registers using Clock Enable       ; 1791  ;
; Number of registers using Preset             ; 0     ;
+----------------------------------------------+-------+


+-----------------------------------------------------+
; Inverted Register Statistics                        ;
+-------------------------------------------+---------+
; Inverted Register                         ; Fan out ;
+-------------------------------------------+---------+
; cpu:CPUNIT|memory_unit:MEM|ram[21][15]    ; 1       ;
; cpu:CPUNIT|memory_unit:MEM|ram[36][15]    ; 1       ;
; cpu:CPUNIT|memory_unit:MEM|ram[4][15]     ; 1       ;
; cpu:CPUNIT|memory_unit:MEM|ram[7][15]     ; 1       ;
; cpu:CPUNIT|memory_unit:MEM|ram[25][15]    ; 1       ;
; cpu:CPUNIT|memory_unit:MEM|ram[26][15]    ; 1       ;
; cpu:CPUNIT|memory_unit:MEM|ram[10][15]    ; 1       ;
; cpu:CPUNIT|memory_unit:MEM|ram[48][15]    ; 1       ;
; cpu:CPUNIT|memory_unit:MEM|ram[46][15]    ; 1       ;
; cpu:CPUNIT|memory_unit:MEM|ram[107][15]   ; 1       ;
; cpu:CPUNIT|memory_unit:MEM|ram[6][14]     ; 1       ;
; cpu:CPUNIT|memory_unit:MEM|ram[2][14]     ; 1       ;
; cpu:CPUNIT|memory_unit:MEM|ram[46][14]    ; 1       ;
; cpu:CPUNIT|memory_unit:MEM|ram[9][14]     ; 1       ;
; cpu:CPUNIT|memory_unit:MEM|ram[36][14]    ; 1       ;
; cpu:CPUNIT|memory_unit:MEM|ram[24][14]    ; 1       ;
; cpu:CPUNIT|memory_unit:MEM|ram[0][14]     ; 1       ;
; cpu:CPUNIT|memory_unit:MEM|ram[23][14]    ; 1       ;
; cpu:CPUNIT|memory_unit:MEM|ram[39][14]    ; 1       ;
; cpu:CPUNIT|memory_unit:MEM|ram[42][13]    ; 1       ;
; cpu:CPUNIT|memory_unit:MEM|ram[40][13]    ; 1       ;
; cpu:CPUNIT|memory_unit:MEM|ram[24][13]    ; 1       ;
; cpu:CPUNIT|memory_unit:MEM|ram[6][13]     ; 1       ;
; cpu:CPUNIT|memory_unit:MEM|ram[37][13]    ; 1       ;
; cpu:CPUNIT|memory_unit:MEM|ram[36][13]    ; 1       ;
; cpu:CPUNIT|memory_unit:MEM|ram[20][13]    ; 1       ;
; cpu:CPUNIT|memory_unit:MEM|ram[39][13]    ; 1       ;
; cpu:CPUNIT|memory_unit:MEM|ram[1][13]     ; 1       ;
; cpu:CPUNIT|memory_unit:MEM|ram[18][13]    ; 1       ;
; cpu:CPUNIT|memory_unit:MEM|ram[2][13]     ; 1       ;
; cpu:CPUNIT|memory_unit:MEM|ram[16][13]    ; 1       ;
; cpu:CPUNIT|memory_unit:MEM|ram[0][13]     ; 1       ;
; cpu:CPUNIT|memory_unit:MEM|ram[3][13]     ; 1       ;
; cpu:CPUNIT|memory_unit:MEM|ram[14][13]    ; 1       ;
; cpu:CPUNIT|memory_unit:MEM|ram[44][13]    ; 1       ;
; cpu:CPUNIT|memory_unit:MEM|ram[12][13]    ; 1       ;
; cpu:CPUNIT|memory_unit:MEM|ram[47][13]    ; 1       ;
; cpu:CPUNIT|memory_unit:MEM|ram[41][12]    ; 1       ;
; cpu:CPUNIT|memory_unit:MEM|ram[21][12]    ; 1       ;
; cpu:CPUNIT|memory_unit:MEM|ram[5][12]     ; 1       ;
; cpu:CPUNIT|memory_unit:MEM|ram[17][12]    ; 1       ;
; cpu:CPUNIT|memory_unit:MEM|ram[45][12]    ; 1       ;
; cpu:CPUNIT|memory_unit:MEM|ram[13][12]    ; 1       ;
; cpu:CPUNIT|memory_unit:MEM|ram[22][12]    ; 1       ;
; cpu:CPUNIT|memory_unit:MEM|ram[38][12]    ; 1       ;
; cpu:CPUNIT|memory_unit:MEM|ram[26][12]    ; 1       ;
; cpu:CPUNIT|memory_unit:MEM|ram[24][12]    ; 1       ;
; cpu:CPUNIT|memory_unit:MEM|ram[8][12]     ; 1       ;
; cpu:CPUNIT|memory_unit:MEM|ram[48][12]    ; 1       ;
; cpu:CPUNIT|memory_unit:MEM|ram[43][12]    ; 1       ;
; cpu:CPUNIT|memory_unit:MEM|ram[39][12]    ; 1       ;
; cpu:CPUNIT|memory_unit:MEM|ram[35][12]    ; 1       ;
; cpu:CPUNIT|memory_unit:MEM|ram[19][12]    ; 1       ;
; cpu:CPUNIT|memory_unit:MEM|ram[11][12]    ; 1       ;
; cpu:CPUNIT|memory_unit:MEM|ram[7][12]     ; 1       ;
; cpu:CPUNIT|memory_unit:MEM|ram[15][12]    ; 1       ;
; cpu:CPUNIT|memory_unit:MEM|ram[107][12]   ; 1       ;
; cpu:CPUNIT|memory_unit:MEM|ram[42][6]     ; 1       ;
; cpu:CPUNIT|memory_unit:MEM|ram[38][6]     ; 1       ;
; cpu:CPUNIT|memory_unit:MEM|ram[22][6]     ; 1       ;
; cpu:CPUNIT|memory_unit:MEM|ram[18][6]     ; 1       ;
; cpu:CPUNIT|memory_unit:MEM|ram[14][6]     ; 1       ;
; cpu:CPUNIT|memory_unit:MEM|ram[21][6]     ; 1       ;
; cpu:CPUNIT|memory_unit:MEM|ram[17][6]     ; 1       ;
; cpu:CPUNIT|memory_unit:MEM|ram[41][6]     ; 1       ;
; cpu:CPUNIT|memory_unit:MEM|ram[37][6]     ; 1       ;
; cpu:CPUNIT|memory_unit:MEM|ram[45][6]     ; 1       ;
; cpu:CPUNIT|memory_unit:MEM|ram[9][6]      ; 1       ;
; cpu:CPUNIT|memory_unit:MEM|ram[5][6]      ; 1       ;
; cpu:CPUNIT|memory_unit:MEM|ram[1][6]      ; 1       ;
; cpu:CPUNIT|memory_unit:MEM|ram[13][6]     ; 1       ;
; cpu:CPUNIT|memory_unit:MEM|ram[40][6]     ; 1       ;
; cpu:CPUNIT|memory_unit:MEM|ram[36][6]     ; 1       ;
; cpu:CPUNIT|memory_unit:MEM|ram[44][6]     ; 1       ;
; cpu:CPUNIT|memory_unit:MEM|ram[20][6]     ; 1       ;
; cpu:CPUNIT|memory_unit:MEM|ram[16][6]     ; 1       ;
; cpu:CPUNIT|memory_unit:MEM|ram[8][6]      ; 1       ;
; cpu:CPUNIT|memory_unit:MEM|ram[12][6]     ; 1       ;
; cpu:CPUNIT|memory_unit:MEM|ram[43][6]     ; 1       ;
; cpu:CPUNIT|memory_unit:MEM|ram[11][6]     ; 1       ;
; cpu:CPUNIT|memory_unit:MEM|ram[23][6]     ; 1       ;
; cpu:CPUNIT|memory_unit:MEM|ram[19][6]     ; 1       ;
; cpu:CPUNIT|memory_unit:MEM|ram[35][6]     ; 1       ;
; cpu:CPUNIT|memory_unit:MEM|ram[3][6]      ; 1       ;
; cpu:CPUNIT|memory_unit:MEM|ram[47][6]     ; 1       ;
; cpu:CPUNIT|memory_unit:MEM|ram[15][6]     ; 1       ;
; cpu:CPUNIT|memory_unit:MEM|ram[42][5]     ; 1       ;
; cpu:CPUNIT|memory_unit:MEM|ram[41][5]     ; 1       ;
; cpu:CPUNIT|memory_unit:MEM|ram[25][5]     ; 1       ;
; cpu:CPUNIT|memory_unit:MEM|ram[9][5]      ; 1       ;
; cpu:CPUNIT|memory_unit:MEM|ram[24][5]     ; 1       ;
; cpu:CPUNIT|memory_unit:MEM|ram[40][5]     ; 1       ;
; cpu:CPUNIT|memory_unit:MEM|ram[8][5]      ; 1       ;
; cpu:CPUNIT|memory_unit:MEM|ram[43][5]     ; 1       ;
; cpu:CPUNIT|memory_unit:MEM|ram[11][5]     ; 1       ;
; cpu:CPUNIT|memory_unit:MEM|ram[38][5]     ; 1       ;
; cpu:CPUNIT|memory_unit:MEM|ram[37][5]     ; 1       ;
; cpu:CPUNIT|memory_unit:MEM|ram[36][5]     ; 1       ;
; cpu:CPUNIT|memory_unit:MEM|ram[21][5]     ; 1       ;
; cpu:CPUNIT|memory_unit:MEM|ram[22][5]     ; 1       ;
; Total number of inverted registers = 185* ;         ;
+-------------------------------------------+---------+
* Table truncated at 100 items. To change the number of inverted registers reported, set the "Number of Inverted Registers Reported" option under Assignments->Settings->Analysis and Synthesis Settings->More Settings


+-----------------------------------------------------------------------------------------------------------------------------------------------------------------+
; Multiplexer Restructuring Statistics (Restructuring Performed)                                                                                                  ;
+--------------------+-----------+---------------+----------------------+------------------------+------------+---------------------------------------------------+
; Multiplexer Inputs ; Bus Width ; Baseline Area ; Area if Restructured ; Saving if Restructured ; Registered ; Example Multiplexer Output                        ;
+--------------------+-----------+---------------+----------------------+------------------------+------------+---------------------------------------------------+
; 3:1                ; 12 bits   ; 24 LEs        ; 24 LEs               ; 0 LEs                  ; Yes        ; |HC1|cpu:CPUNIT|program_counter:PC|holdAddress[7] ;
; 12:1               ; 16 bits   ; 128 LEs       ; 96 LEs               ; 32 LEs                 ; Yes        ; |HC1|cpu:CPUNIT|accumulator:ACC|holdAccOut[1]     ;
; 4:1                ; 2 bits    ; 4 LEs         ; 4 LEs                ; 0 LEs                  ; No         ; |HC1|cpu:CPUNIT|control_unit:CTRL|nextState       ;
; 109:1              ; 16 bits   ; 1152 LEs      ; 1152 LEs             ; 0 LEs                  ; No         ; |HC1|cpu:CPUNIT|memory_unit:MEM|Mux0              ;
+--------------------+-----------+---------------+----------------------+------------------------+------------+---------------------------------------------------+


+------------------------------------------------------------------+
; Parameter Settings for User Entity Instance: clock_divider:CLOCK ;
+----------------+---------+---------------------------------------+
; Parameter Name ; Value   ; Type                                  ;
+----------------+---------+---------------------------------------+
; inputfreq      ; 5000000 ; Signed Integer                        ;
; outputfreq     ; 5       ; Signed Integer                        ;
+----------------+---------+---------------------------------------+
Note: In order to hide this table in the UI and the text report file, please set the "Show Parameter Settings in Synthesis Report" option in "Analysis and Synthesis Settings -> More Settings" to "Off".


+------------------------------------------------------------------------------------------------------+
; Parameter Settings for Inferred Entity Instance: cpu:CPUNIT|arithmetic_logic_unit:ALU|lpm_mult:Mult0 ;
+------------------------------------------------+------------+----------------------------------------+
; Parameter Name                                 ; Value      ; Type                                   ;
+------------------------------------------------+------------+----------------------------------------+
; AUTO_CARRY_CHAINS                              ; ON         ; AUTO_CARRY                             ;
; IGNORE_CARRY_BUFFERS                           ; OFF        ; IGNORE_CARRY                           ;
; AUTO_CASCADE_CHAINS                            ; ON         ; AUTO_CASCADE                           ;
; IGNORE_CASCADE_BUFFERS                         ; OFF        ; IGNORE_CASCADE                         ;
; LPM_WIDTHA                                     ; 8          ; Untyped                                ;
; LPM_WIDTHB                                     ; 8          ; Untyped                                ;
; LPM_WIDTHP                                     ; 16         ; Untyped                                ;
; LPM_WIDTHR                                     ; 16         ; Untyped                                ;
; LPM_WIDTHS                                     ; 1          ; Untyped                                ;
; LPM_REPRESENTATION                             ; SIGNED     ; Untyped                                ;
; LPM_PIPELINE                                   ; 0          ; Untyped                                ;
; LATENCY                                        ; 0          ; Untyped                                ;
; INPUT_A_IS_CONSTANT                            ; NO         ; Untyped                                ;
; INPUT_B_IS_CONSTANT                            ; NO         ; Untyped                                ;
; USE_EAB                                        ; OFF        ; Untyped                                ;
; MAXIMIZE_SPEED                                 ; 5          ; Untyped                                ;
; DEVICE_FAMILY                                  ; Cyclone II ; Untyped                                ;
; CARRY_CHAIN                                    ; MANUAL     ; Untyped                                ;
; APEX20K_TECHNOLOGY_MAPPER                      ; LUT        ; TECH_MAPPER_APEX20K                    ;
; DEDICATED_MULTIPLIER_CIRCUITRY                 ; AUTO       ; Untyped                                ;
; DEDICATED_MULTIPLIER_MIN_INPUT_WIDTH_FOR_AUTO  ; 0          ; Untyped                                ;
; DEDICATED_MULTIPLIER_MIN_OUTPUT_WIDTH_FOR_AUTO ; 0          ; Untyped                                ;
; CBXI_PARAMETER                                 ; mult_lus   ; Untyped                                ;
; INPUT_A_FIXED_VALUE                            ; Bx         ; Untyped                                ;
; INPUT_B_FIXED_VALUE                            ; Bx         ; Untyped                                ;
; USE_AHDL_IMPLEMENTATION                        ; OFF        ; Untyped                                ;
+------------------------------------------------+------------+----------------------------------------+
Note: In order to hide this table in the UI and the text report file, please set the "Show Parameter Settings in Synthesis Report" option in "Analysis and Synthesis Settings -> More Settings" to "Off".


+-------------------------------------------------------------------------------------------------------+
; Parameter Settings for Inferred Entity Instance: cpu:CPUNIT|arithmetic_logic_unit:ALU|lpm_divide:Mod0 ;
+------------------------+----------------+-------------------------------------------------------------+
; Parameter Name         ; Value          ; Type                                                        ;
+------------------------+----------------+-------------------------------------------------------------+
; LPM_WIDTHN             ; 16             ; Untyped                                                     ;
; LPM_WIDTHD             ; 16             ; Untyped                                                     ;
; LPM_NREPRESENTATION    ; SIGNED         ; Untyped                                                     ;
; LPM_DREPRESENTATION    ; SIGNED         ; Untyped                                                     ;
; LPM_PIPELINE           ; 0              ; Untyped                                                     ;
; LPM_REMAINDERPOSITIVE  ; FALSE          ; Untyped                                                     ;
; MAXIMIZE_SPEED         ; 5              ; Untyped                                                     ;
; CBXI_PARAMETER         ; lpm_divide_ulo ; Untyped                                                     ;
; CARRY_CHAIN            ; MANUAL         ; Untyped                                                     ;
; OPTIMIZE_FOR_SPEED     ; 5              ; Untyped                                                     ;
; AUTO_CARRY_CHAINS      ; ON             ; AUTO_CARRY                                                  ;
; IGNORE_CARRY_BUFFERS   ; OFF            ; IGNORE_CARRY                                                ;
; AUTO_CASCADE_CHAINS    ; ON             ; AUTO_CASCADE                                                ;
; IGNORE_CASCADE_BUFFERS ; OFF            ; IGNORE_CASCADE                                              ;
+------------------------+----------------+-------------------------------------------------------------+
Note: In order to hide this table in the UI and the text report file, please set the "Show Parameter Settings in Synthesis Report" option in "Analysis and Synthesis Settings -> More Settings" to "Off".


+-------------------------------------------------------------------------------------------------------+
; Parameter Settings for Inferred Entity Instance: cpu:CPUNIT|arithmetic_logic_unit:ALU|lpm_divide:Div0 ;
+------------------------+----------------+-------------------------------------------------------------+
; Parameter Name         ; Value          ; Type                                                        ;
+------------------------+----------------+-------------------------------------------------------------+
; LPM_WIDTHN             ; 16             ; Untyped                                                     ;
; LPM_WIDTHD             ; 16             ; Untyped                                                     ;
; LPM_NREPRESENTATION    ; SIGNED         ; Untyped                                                     ;
; LPM_DREPRESENTATION    ; SIGNED         ; Untyped                                                     ;
; LPM_PIPELINE           ; 0              ; Untyped                                                     ;
; LPM_REMAINDERPOSITIVE  ; FALSE          ; Untyped                                                     ;
; MAXIMIZE_SPEED         ; 5              ; Untyped                                                     ;
; CBXI_PARAMETER         ; lpm_divide_rto ; Untyped                                                     ;
; CARRY_CHAIN            ; MANUAL         ; Untyped                                                     ;
; OPTIMIZE_FOR_SPEED     ; 5              ; Untyped                                                     ;
; AUTO_CARRY_CHAINS      ; ON             ; AUTO_CARRY                                                  ;
; IGNORE_CARRY_BUFFERS   ; OFF            ; IGNORE_CARRY                                                ;
; AUTO_CASCADE_CHAINS    ; ON             ; AUTO_CASCADE                                                ;
; IGNORE_CASCADE_BUFFERS ; OFF            ; IGNORE_CASCADE                                              ;
+------------------------+----------------+-------------------------------------------------------------+
Note: In order to hide this table in the UI and the text report file, please set the "Show Parameter Settings in Synthesis Report" option in "Analysis and Synthesis Settings -> More Settings" to "Off".


+---------------------------------------------------------------------------------------------+
; lpm_mult Parameter Settings by Entity Instance                                              ;
+---------------------------------------+-----------------------------------------------------+
; Name                                  ; Value                                               ;
+---------------------------------------+-----------------------------------------------------+
; Number of entity instances            ; 1                                                   ;
; Entity Instance                       ; cpu:CPUNIT|arithmetic_logic_unit:ALU|lpm_mult:Mult0 ;
;     -- LPM_WIDTHA                     ; 8                                                   ;
;     -- LPM_WIDTHB                     ; 8                                                   ;
;     -- LPM_WIDTHP                     ; 16                                                  ;
;     -- LPM_REPRESENTATION             ; SIGNED                                              ;
;     -- INPUT_A_IS_CONSTANT            ; NO                                                  ;
;     -- INPUT_B_IS_CONSTANT            ; NO                                                  ;
;     -- USE_EAB                        ; OFF                                                 ;
;     -- DEDICATED_MULTIPLIER_CIRCUITRY ; AUTO                                                ;
;     -- INPUT_A_FIXED_VALUE            ; Bx                                                  ;
;     -- INPUT_B_FIXED_VALUE            ; Bx                                                  ;
+---------------------------------------+-----------------------------------------------------+


+-------------------------------+
; Elapsed Time Per Partition    ;
+----------------+--------------+
; Partition Name ; Elapsed Time ;
+----------------+--------------+
; Top            ; 00:00:13     ;
+----------------+--------------+


+-------------------------------+
; Analysis & Synthesis Messages ;
+-------------------------------+
Info: *******************************************************************
Info: Running Quartus II 32-bit Analysis & Synthesis
    Info: Version 13.0.0 Build 156 04/24/2013 SJ Web Edition
    Info: Processing started: Tue Jun 05 16:05:13 2018
Info: Command: quartus_map --read_settings_files=on --write_settings_files=off HC1 -c HC1
Warning (20028): Parallel compilation is not licensed and has been disabled
Info (12021): Found 2 design units, including 1 entities, in source file src/immgen.vhd
    Info (12022): Found design unit 1: Immgen-rtl1
    Info (12023): Found entity 1: immgen
Info (12021): Found 2 design units, including 1 entities, in source file src/seven_segment.vhd
    Info (12022): Found design unit 1: seven_segment-rtl
    Info (12023): Found entity 1: seven_segment
Info (12021): Found 2 design units, including 1 entities, in source file src/memory_unit.vhd
    Info (12022): Found design unit 1: memory_unit-rtl
    Info (12023): Found entity 1: memory_unit
Info (12021): Found 2 design units, including 1 entities, in source file src/instruction_register.vhd
    Info (12022): Found design unit 1: instruction_register-rtl
    Info (12023): Found entity 1: instruction_register
Info (12021): Found 2 design units, including 1 entities, in source file src/cpu.vhd
    Info (12022): Found design unit 1: cpu-rtl
    Info (12023): Found entity 1: cpu
Info (12021): Found 2 design units, including 1 entities, in source file src/control_unit.vhd
    Info (12022): Found design unit 1: control_unit-rtl
    Info (12023): Found entity 1: control_unit
Info (12021): Found 2 design units, including 1 entities, in source file src/arithmetic_logic_unit.vhd
    Info (12022): Found design unit 1: arithmetic_logic_unit-rtl
    Info (12023): Found entity 1: arithmetic_logic_unit
Info (12021): Found 2 design units, including 1 entities, in source file src/accumulator.vhd
    Info (12022): Found design unit 1: accumulator-rtl
    Info (12023): Found entity 1: accumulator
Info (12021): Found 2 design units, including 1 entities, in source file src/program_counter.vhd
    Info (12022): Found design unit 1: program_counter-rtl
    Info (12023): Found entity 1: program_counter
Info (12021): Found 2 design units, including 1 entities, in source file src/hc1.vhd
    Info (12022): Found design unit 1: HC1-rtl
    Info (12023): Found entity 1: HC1
Info (12021): Found 2 design units, including 1 entities, in source file src/clock_divider.vhd
    Info (12022): Found design unit 1: clock_divider-rtl1
    Info (12023): Found entity 1: clock_divider
Info (12127): Elaborating entity "HC1" for the top level hierarchy
Warning (10873): Using initial value X (don't care) for net "LEDR[15..1]" at HC1.vhd(18)
Info (12128): Elaborating entity "clock_divider" for hierarchy "clock_divider:CLOCK"
Info (12128): Elaborating entity "cpu" for hierarchy "cpu:CPUNIT"
Warning (10873): Using initial value X (don't care) for net "flagOut[6..1]" at cpu.vhd(26)
Info (12128): Elaborating entity "control_unit" for hierarchy "cpu:CPUNIT|control_unit:CTRL"
Warning (10492): VHDL Process Statement warning at control_unit.vhd(128): signal "legacySel" is read inside the Process Statement but isn't in the Process Statement's sensitivity list
Info (12128): Elaborating entity "memory_unit" for hierarchy "cpu:CPUNIT|memory_unit:MEM"
Info (12128): Elaborating entity "arithmetic_logic_unit" for hierarchy "cpu:CPUNIT|arithmetic_logic_unit:ALU"
Info (12128): Elaborating entity "immgen" for hierarchy "cpu:CPUNIT|immgen:IGN"
Info (12128): Elaborating entity "accumulator" for hierarchy "cpu:CPUNIT|accumulator:ACC"
Info (12128): Elaborating entity "instruction_register" for hierarchy "cpu:CPUNIT|instruction_register:IR"
Info (12128): Elaborating entity "program_counter" for hierarchy "cpu:CPUNIT|program_counter:PC"
Info (12128): Elaborating entity "seven_segment" for hierarchy "seven_segment:InputDisp0"
Warning (13046): Tri-state node(s) do not directly drive top-level pin(s)
    Warning (13049): Converted tri-state buffer "cpu:CPUNIT|control_unit:CTRL|accSel[2]" feeding internal logic into a wire
    Warning (13049): Converted tri-state buffer "cpu:CPUNIT|control_unit:CTRL|accSel[1]" feeding internal logic into a wire
    Warning (13049): Converted tri-state buffer "cpu:CPUNIT|control_unit:CTRL|accSel[0]" feeding internal logic into a wire
Info (278001): Inferred 3 megafunctions from design logic
    Info (278003): Inferred multiplier megafunction ("lpm_mult") from the following logic: "cpu:CPUNIT|arithmetic_logic_unit:ALU|Mult0"
    Info (278004): Inferred divider/modulo megafunction ("lpm_divide") from the following logic: "cpu:CPUNIT|arithmetic_logic_unit:ALU|Mod0"
    Info (278004): Inferred divider/modulo megafunction ("lpm_divide") from the following logic: "cpu:CPUNIT|arithmetic_logic_unit:ALU|Div0"
Info (12130): Elaborated megafunction instantiation "cpu:CPUNIT|arithmetic_logic_unit:ALU|lpm_mult:Mult0"
Info (12133): Instantiated megafunction "cpu:CPUNIT|arithmetic_logic_unit:ALU|lpm_mult:Mult0" with the following parameter:
    Info (12134): Parameter "LPM_WIDTHA" = "8"
    Info (12134): Parameter "LPM_WIDTHB" = "8"
    Info (12134): Parameter "LPM_WIDTHP" = "16"
    Info (12134): Parameter "LPM_WIDTHR" = "16"
    Info (12134): Parameter "LPM_WIDTHS" = "1"
    Info (12134): Parameter "LPM_REPRESENTATION" = "SIGNED"
    Info (12134): Parameter "INPUT_A_IS_CONSTANT" = "NO"
    Info (12134): Parameter "INPUT_B_IS_CONSTANT" = "NO"
    Info (12134): Parameter "MAXIMIZE_SPEED" = "5"
Info (12021): Found 1 design units, including 1 entities, in source file db/mult_lus.tdf
    Info (12023): Found entity 1: mult_lus
Info (12130): Elaborated megafunction instantiation "cpu:CPUNIT|arithmetic_logic_unit:ALU|lpm_divide:Mod0"
Info (12133): Instantiated megafunction "cpu:CPUNIT|arithmetic_logic_unit:ALU|lpm_divide:Mod0" with the following parameter:
    Info (12134): Parameter "LPM_WIDTHN" = "16"
    Info (12134): Parameter "LPM_WIDTHD" = "16"
    Info (12134): Parameter "LPM_NREPRESENTATION" = "SIGNED"
    Info (12134): Parameter "LPM_DREPRESENTATION" = "SIGNED"
    Info (12134): Parameter "LPM_HINT" = "LPM_REMAINDERPOSITIVE=FALSE"
Info (12021): Found 1 design units, including 1 entities, in source file db/lpm_divide_ulo.tdf
    Info (12023): Found entity 1: lpm_divide_ulo
Info (12021): Found 1 design units, including 1 entities, in source file db/abs_divider_8dg.tdf
    Info (12023): Found entity 1: abs_divider_8dg
Info (12021): Found 1 design units, including 1 entities, in source file db/alt_u_div_s5f.tdf
    Info (12023): Found entity 1: alt_u_div_s5f
Info (12021): Found 1 design units, including 1 entities, in source file db/add_sub_lkc.tdf
    Info (12023): Found entity 1: add_sub_lkc
Info (12021): Found 1 design units, including 1 entities, in source file db/add_sub_mkc.tdf
    Info (12023): Found entity 1: add_sub_mkc
Info (12021): Found 1 design units, including 1 entities, in source file db/lpm_abs_2s9.tdf
    Info (12023): Found entity 1: lpm_abs_2s9
Info (12130): Elaborated megafunction instantiation "cpu:CPUNIT|arithmetic_logic_unit:ALU|lpm_divide:Div0"
Info (12133): Instantiated megafunction "cpu:CPUNIT|arithmetic_logic_unit:ALU|lpm_divide:Div0" with the following parameter:
    Info (12134): Parameter "LPM_WIDTHN" = "16"
    Info (12134): Parameter "LPM_WIDTHD" = "16"
    Info (12134): Parameter "LPM_NREPRESENTATION" = "SIGNED"
    Info (12134): Parameter "LPM_DREPRESENTATION" = "SIGNED"
    Info (12134): Parameter "LPM_HINT" = "LPM_REMAINDERPOSITIVE=FALSE"
Info (12021): Found 1 design units, including 1 entities, in source file db/lpm_divide_rto.tdf
    Info (12023): Found entity 1: lpm_divide_rto
Info (13014): Ignored 60 buffer(s)
    Info (13016): Ignored 60 CARRY_SUM buffer(s)
Info (13000): Registers with preset signals will power-up high
Info (13003): DEV_CLRn pin will set, and not reset, register with preset signal due to NOT Gate Push-Back
Warning (13024): Output pins are stuck at VCC or GND
    Warning (13410): Pin "LEDR[1]" is stuck at GND
    Warning (13410): Pin "LEDR[2]" is stuck at GND
    Warning (13410): Pin "LEDR[3]" is stuck at GND
    Warning (13410): Pin "LEDR[4]" is stuck at GND
    Warning (13410): Pin "LEDR[5]" is stuck at GND
    Warning (13410): Pin "LEDR[6]" is stuck at GND
    Warning (13410): Pin "LEDR[7]" is stuck at GND
    Warning (13410): Pin "LEDR[8]" is stuck at GND
    Warning (13410): Pin "LEDR[9]" is stuck at GND
    Warning (13410): Pin "LEDR[10]" is stuck at GND
    Warning (13410): Pin "LEDR[11]" is stuck at GND
    Warning (13410): Pin "LEDR[12]" is stuck at GND
    Warning (13410): Pin "LEDR[13]" is stuck at GND
    Warning (13410): Pin "LEDR[14]" is stuck at GND
    Warning (13410): Pin "LEDR[15]" is stuck at GND
    Warning (13410): Pin "LEDG[1]" is stuck at GND
    Warning (13410): Pin "LEDG[2]" is stuck at GND
    Warning (13410): Pin "LEDG[3]" is stuck at GND
    Warning (13410): Pin "LEDG[4]" is stuck at GND
    Warning (13410): Pin "LEDG[5]" is stuck at GND
    Warning (13410): Pin "LEDG[6]" is stuck at GND
Info (17049): 10 registers lost all their fanouts during netlist optimizations.
Info (16010): Generating hard_block partition "hard_block:auto_generated_inst"
    Info (16011): Adding 0 node(s), including 0 DDIO, 0 PLL, 0 transceiver and 0 LCELL
Warning (21074): Design contains 4 input pin(s) that do not drive logic
    Warning (15610): No output dependent on input pin "SW[16]"
    Warning (15610): No output dependent on input pin "SW[17]"
    Warning (15610): No output dependent on input pin "KEY[1]"
    Warning (15610): No output dependent on input pin "KEY[2]"
Info (21057): Implemented 4289 device resources after synthesis - the final resource count might be different
    Info (21058): Implemented 23 input pins
    Info (21059): Implemented 82 output pins
    Info (21061): Implemented 4183 logic cells
    Info (21062): Implemented 1 DSP elements
Info: Quartus II 32-bit Analysis & Synthesis was successful. 0 errors, 35 warnings
    Info: Peak virtual memory: 435 megabytes
    Info: Processing ended: Tue Jun 05 16:05:32 2018
    Info: Elapsed time: 00:00:19
    Info: Total CPU time (on all processors): 00:00:16


